<?xml version="1.0" encoding="UTF-8" ?>
<testsuite failures="0" time="7.829" errors="0" skipped="0" tests="4" name="org.geotools.data.db2.DB2PrimaryKeyTest">
  <properties>
[...]
</properties>
  <testcase time="2.383" classname="org.geotools.data.db2.DB2PrimaryKeyTest" name="testAutoGeneratedPrimaryKey"/>
  <testcase time="1.927" classname="org.geotools.data.db2.DB2PrimaryKeyTest" name="testSequencedPrimaryKey"/>
  <testcase time="1.664" classname="org.geotools.data.db2.DB2PrimaryKeyTest" name="testNonIncrementingPrimaryKey"/>
  <testcase time="1.791" classname="org.geotools.data.db2.DB2PrimaryKeyTest" name="testMultiColumnPrimaryKey"/>
</testsuite>